0 info it worked if it ends with ok
1 verbose cli [ 'node', '/usr/local/bin/npm', 'publish' ]
2 info using npm@1.5.0-alpha-1
3 info using node@v0.10.29
4 verbose node symlink /usr/local/bin/node
5 verbose publish [ '.' ]
6 verbose cache add [ '.', null ]
7 verbose cache add spec="." args=[".",null]
8 verbose cache add local package /Users/harmindervirk/currentWork/libs/lineup
9 silly lockFile 3a52ce78- .
10 verbose lock . /Users/harmindervirk/.npm/3a52ce78-.lock
11 verbose tar pack [ '/Users/harmindervirk/.npm/lineup/0.0.1/package.tgz', '.' ]
12 verbose tarball /Users/harmindervirk/.npm/lineup/0.0.1/package.tgz
13 verbose folder .
14 info prepublish lineup@0.0.1
15 silly lockFile 1f1177db-tar tar://.
16 verbose lock tar://. /Users/harmindervirk/.npm/1f1177db-tar.lock
17 silly lockFile b7bdd465-irk-npm-lineup-0-0-1-package-tgz tar:///Users/harmindervirk/.npm/lineup/0.0.1/package.tgz
18 verbose lock tar:///Users/harmindervirk/.npm/lineup/0.0.1/package.tgz /Users/harmindervirk/.npm/b7bdd465-irk-npm-lineup-0-0-1-package-tgz.lock
19 silly lockFile 1f1177db-tar tar://.
20 silly lockFile 1f1177db-tar tar://.
21 silly lockFile b7bdd465-irk-npm-lineup-0-0-1-package-tgz tar:///Users/harmindervirk/.npm/lineup/0.0.1/package.tgz
22 silly lockFile b7bdd465-irk-npm-lineup-0-0-1-package-tgz tar:///Users/harmindervirk/.npm/lineup/0.0.1/package.tgz
23 silly lockFile 676c214c-dervirk-npm-lineup-0-0-1-package /Users/harmindervirk/.npm/lineup/0.0.1/package
24 verbose lock /Users/harmindervirk/.npm/lineup/0.0.1/package /Users/harmindervirk/.npm/676c214c-dervirk-npm-lineup-0-0-1-package.lock
25 silly lockFile 676c214c-dervirk-npm-lineup-0-0-1-package /Users/harmindervirk/.npm/lineup/0.0.1/package
26 silly lockFile 676c214c-dervirk-npm-lineup-0-0-1-package /Users/harmindervirk/.npm/lineup/0.0.1/package
27 silly lockFile 3a52ce78- .
28 silly lockFile 3a52ce78- .
29 silly publish { name: 'lineup',
29 silly publish   version: '0.0.1',
29 silly publish   description: 'Must have tool for your next cli app , consists of logger, progress bar, higlighter, stickers and pretty list',
29 silly publish   main: 'index.js',
29 silly publish   scripts: { test: 'echo "Error: no test specified" && exit 1' },
29 silly publish   author: { name: 'amanvirk', email: 'virk.officials@gmail.com' },
29 silly publish   license: 'ISC',
29 silly publish   dependencies:
29 silly publish    { colors: '^1.0.3',
29 silly publish      dateformat: '^1.0.11',
29 silly publish      elapsed: '0.0.3',
29 silly publish      'log-symbols': '^1.0.1',
29 silly publish      'pleasant-progress': '^1.0.2',
29 silly publish      underscore: '^1.7.0' },
29 silly publish   devDependencies: {},
29 silly publish   readme: '!["Screen Shot"](https://raw.githubusercontent.com/thetutlage/lineup/master/screenshot.png)\n\nTake cares of all tedious tasks you have to do while writing cli app/tools.\n\nTable of Contents\n\n* Getting Started\n* Objects List\n* API\n* Examples\n\n## Getting Started\n\n### Install\n\n```\nnpm install lineup\n```\n\n### Initiating\n\n```javascript\nvar LineUp = require(\'lineup\');\nvar lineup = new LineUp()\n\n/*\n  ----------------------------\n        OR WITH OPTIONS\n  ---------------------------\n*/\n\nlogger_options = {\n  \'identifier\': \'npm\', // just for example\n  \'showDateTime\': true,\n  \'filePath\': __filename,\n  \'showIcons\': true,\n  \'dateTimeFormat\': \'HH:MM\'\n}\n\nvar lineup = new LineUp(logger_options)\n\n```\n\n* **identifier** get\'s prepended with every log command you run [npm] "your log"\n\n* **showDateTime** if true will concatenate identifier\n\n* **filePath** if you want to show from which file log has been generated.\n\n* **showIcons** may be you like graphics\n\n* **dateTimeFormat** time format for above date\n\n> Above options only work with the logger object\n\n### Objects List\n\nAbove i mentioned something about logger object, now let\'s have a look at available objects and their methods.\n\n* **log** to log messages to console\n  * **success**: output a success message\n  * **error** : output error message and exit process\n  * **warn** : output warning\n  * **info** : inform user\n\n\n* **highlight** creates a highlighter section\n  * **start** starts highlighter section\n  * **end** end higlighter section\n\n\n* **print** print list items using array and object ( values only )\n  * **ol** prints ordered list\n  * **li** prints unordered list\n\n\n* **progress** creates a minimal progress ticker\n  * **start** start new progress ticker\n  * **stop** stop above started progress ticker and shows time elapsed.\n\n* **sticker** creates a bordered sticker\n  * **note** add new note to be shown inside sticker [can have multiple]**\n  * **show** show above added sticker notes\n\n\n### See examples/index.js for list of all example\n',
29 silly publish   readmeFilename: 'readme.md',
29 silly publish   gitHead: '9b495f3bf298cdf40503d8647ad0f21919b289b1',
29 silly publish   _id: 'lineup@0.0.1',
29 silly publish   _shasum: 'b1cd88408c7350c1241256840884a860cc8559a9',
29 silly publish   _from: '.' }
30 verbose mapToRegistry name lineup
31 verbose mapToRegistry uri https://registry.npmjs.org/lineup
32 verbose publish registryBase https://registry.npmjs.org/
33 verbose request where is /lineup
34 verbose request registry https://registry.npmjs.org/
35 verbose request id aa09f9681b310ed2
36 verbose request url raw /lineup
37 verbose request url resolving [ 'https://registry.npmjs.org/', './lineup' ]
38 verbose request url resolved https://registry.npmjs.org/lineup
39 verbose request where is https://registry.npmjs.org/lineup
40 verbose request setting basic auth
41 info trying registry request attempt 1 at 23:07:42
42 http PUT https://registry.npmjs.org/lineup
43 http 403 https://registry.npmjs.org/lineup
44 verbose headers { date: 'Tue, 16 Dec 2014 17:37:55 GMT',
44 verbose headers   server: 'CouchDB/1.5.0 (Erlang OTP/R16B03)',
44 verbose headers   'content-type': 'application/json',
44 verbose headers   'cache-control': 'max-age=60',
44 verbose headers   'content-length': '4753',
44 verbose headers   'accept-ranges': 'bytes',
44 verbose headers   via: '1.1 varnish',
44 verbose headers   'x-served-by': 'cache-lax1426-LAX',
44 verbose headers   'x-cache': 'MISS',
44 verbose headers   'x-cache-hits': '0',
44 verbose headers   'x-timer': 'S1418751465.434529,VS0,VE9832',
44 verbose headers   'keep-alive': 'timeout=10, max=50',
44 verbose headers   connection: 'Keep-Alive' }
45 error publish Failed PUT 403
46 error Error: forbidden cannot modify pre-existing version: 0.0.1
46 error old={"name":"lineup","version":"0.0.1","description":"Must have tool for your next cli app , consists of logger, progress bar, higlighter, stickers and pretty list","main":"index.js","scripts":{"test":"echo \"Error: no test specified\" && exit 1"},"author":{"name":"amanvirk","email":"virk.officials@gmail.com"},"license":"ISC","dependencies":{"colors":"^1.0.3","dateformat":"^1.0.11","elapsed":"0.0.3","log-symbols":"^1.0.1","pleasant-progress":"^1.0.2","underscore":"^1.7.0"},"devDependencies":{},"gitHead":"9b495f3bf298cdf40503d8647ad0f21919b289b1","_id":"lineup@0.0.1","_shasum":"b1cd88408c7350c1241256840884a860cc8559a9","_from":".","_npmVersion":"1.5.0-alpha-1","_npmUser":{"name":"amanvirk","email":"virk.officials@gmail.com"},"maintainers":[{"name":"amanvirk","email":"virk.officials@gmail.com"}],"dist":{"shasum":"b1cd88408c7350c1241256840884a860cc8559a9","tarball":"http://registry.npmjs.org/lineup/-/lineup-0.0.1.tgz"}}
46 error new={"name":"lineup","version":"0.0.1","description":"Must have tool for your next cli app , consists of logger, progress bar, higlighter, stickers and pretty list","main":"index.js","scripts":{"test":"echo \"Error: no test specified\" && exit 1"},"author":{"name":"amanvirk","email":"virk.officials@gmail.com"},"license":"ISC","dependencies":{"colors":"^1.0.3","dateformat":"^1.0.11","elapsed":"0.0.3","log-symbols":"^1.0.1","pleasant-progress":"^1.0.2","underscore":"^1.7.0"},"devDependencies":{},"readme":"![\"Screen Shot\"](https://raw.githubusercontent.com/thetutlage/lineup/master/screenshot.png)\u000a\u000aTake cares of all tedious tasks you have to do while writing cli app/tools.\u000a\u000aTable of Contents\u000a\u000a* Getting Started\u000a* Objects List\u000a* API\u000a* Examples\u000a\u000a## Getting Started\u000a\u000a### Install\u000a\u000a```\u000anpm install lineup\u000a```\u000a\u000a### Initiating\u000a\u000a```javascript\u000avar LineUp = require('lineup');\u000avar lineup = new LineUp()\u000a\u000a/*\u000a  ----------------------------\u000a        OR WITH OPTIONS\u000a  ---------------------------\u000a*/\u000a\u000alogger_options = {\u000a  'identifier': 'npm', // just for example\u000a  'showDateTime': true,\u000a  'filePath': __filename,\u000a  'showIcons': true,\u000a  'dateTimeFormat': 'HH:MM'\u000a}\u000a\u000avar lineup = new LineUp(logger_options)\u000a\u000a```\u000a\u000a* **identifier** get's prepended with every log command you run [npm] \"your log\"\u000a\u000a* **showDateTime** if true will concatenate identifier\u000a\u000a* **filePath** if you want to show from which file log has been generated.\u000a\u000a* **showIcons** may be you like graphics\u000a\u000a* **dateTimeFormat** time format for above date\u000a\u000a> Above options only work with the logger object\u000a\u000a### Objects List\u000a\u000aAbove i mentioned something about logger object, now let's have a look at available objects and their methods.\u000a\u000a* **log** to log messages to console\u000a  * **success**: output a success message\u000a  * **error** : output error message and exit process\u000a  * **warn** : output warning\u000a  * **info** : inform user\u000a\u000a\u000a* **highlight** creates a highlighter section\u000a  * **start** starts highlighter section\u000a  * **end** end higlighter section\u000a\u000a\u000a* **print** print list items using array and object ( values only )\u000a  * **ol** prints ordered list\u000a  * **li** prints unordered list\u000a\u000a\u000a* **progress** creates a minimal progress ticker\u000a  * **start** start new progress ticker\u000a  * **stop** stop above started progress ticker and shows time elapsed.\u000a\u000a* **sticker** creates a bordered sticker\u000a  * **note** add new note to be shown inside sticker [can have multiple]**\u000a  * **show** show above added sticker notes\u000a\u000a\u000a### See examples/index.js for list of all example\u000a","readmeFilename":"readme.md","gitHead":"9b495f3bf298cdf40503d8647ad0f21919b289b1","_id":"lineup@0.0.1","_shasum":"b1cd88408c7350c1241256840884a860cc8559a9","_from":".","_npmVersion":"1.5.0-alpha-1","_npmUser":{"name":"amanvirk","email":"virk.officials@gmail.com"},"maintainers":[{"name":"amanvirk","email":"virk.officials@gmail.com"}],"dist":{"shasum":"b1cd88408c7350c1241256840884a860cc8559a9","tarball":"http://registry.npmjs.org/lineup/-/lineup-0.0.1.tgz"}}: lineup
46 error     at RegClient.<anonymous> (/usr/local/lib/node_modules/npm/node_modules/npm-registry-client/lib/request.js:313:14)
46 error     at Request._callback (/usr/local/lib/node_modules/npm/node_modules/npm-registry-client/lib/request.js:251:65)
46 error     at Request.self.callback (/usr/local/lib/node_modules/npm/node_modules/request/request.js:123:22)
46 error     at Request.emit (events.js:98:17)
46 error     at Request.<anonymous> (/usr/local/lib/node_modules/npm/node_modules/request/request.js:893:14)
46 error     at Request.emit (events.js:117:20)
46 error     at IncomingMessage.<anonymous> (/usr/local/lib/node_modules/npm/node_modules/request/request.js:844:12)
46 error     at IncomingMessage.emit (events.js:117:20)
46 error     at _stream_readable.js:929:16
46 error     at process._tickCallback (node.js:419:13)
47 error If you need help, you may report this *entire* log,
47 error including the npm and node versions, at:
47 error     <http://github.com/npm/npm/issues>
48 error System Darwin 14.0.0
49 error command "node" "/usr/local/bin/npm" "publish"
50 error cwd /Users/harmindervirk/currentWork/libs/lineup
51 error node -v v0.10.29
52 error npm -v 1.5.0-alpha-1
53 verbose exit [ 1, true ]
